This file contains any messages produced by compilers while
running configure, to aid debugging if configure makes a mistake.

It was created by transitr configure 0.3.0.9000, which was
generated by GNU Autoconf 2.69.  Invocation command line was

  $ ./configure 

## --------- ##
## Platform. ##
## --------- ##

hostname = rapidash
uname -m = x86_64
uname -r = 6.2.6-76060206-generic
uname -s = Linux
uname -v = #202303130630~1683753207~22.04~77c1465 SMP PREEMPT_DYNAMIC Wed M

/usr/bin/uname -p = x86_64
/bin/uname -X     = unknown

/bin/arch              = x86_64
/usr/bin/arch -k       = unknown
/usr/convex/getsysinfo = unknown
/usr/bin/hostinfo      = unknown
/bin/machine           = unknown
/usr/bin/oslevel       = unknown
/bin/universe          = unknown

PATH: /home/tom/bin
PATH: /home/tom/.local/bin
PATH: /usr/lib
PATH: /home/tom/.local/bin
PATH: /home/tom/bin
PATH: /usr/local/sbin
PATH: /usr/local/bin
PATH: /usr/sbin
PATH: /usr/bin
PATH: /sbin
PATH: /bin
PATH: /usr/games
PATH: /usr/local/games
PATH: /snap/bin


## ----------- ##
## Core tests. ##
## ----------- ##

configure:2202: checking for C++ compiler version
configure:2211: g++ -std=gnu++17 --version >&5
g++ (Ubuntu 11.3.0-1ubuntu1~22.04.1) 11.3.0
Copyright (C) 2021 Free Software Foundation, Inc.
This is free software; see the source for copying conditions.  There is NO
warranty; not even for MERCHANTABILITY or FITNESS FOR A PARTICULAR PURPOSE.

configure:2222: $? = 0
configure:2211: g++ -std=gnu++17 -v >&5
Using built-in specs.
COLLECT_GCC=g++
COLLECT_LTO_WRAPPER=/usr/lib/gcc/x86_64-linux-gnu/11/lto-wrapper
OFFLOAD_TARGET_NAMES=nvptx-none:amdgcn-amdhsa
OFFLOAD_TARGET_DEFAULT=1
Target: x86_64-linux-gnu
Configured with: ../src/configure -v --with-pkgversion='Ubuntu 11.3.0-1ubuntu1~22.04.1' --with-bugurl=file:///usr/share/doc/gcc-11/README.Bugs --enable-languages=c,ada,c++,go,brig,d,fortran,objc,obj-c++,m2 --prefix=/usr --with-gcc-major-version-only --program-suffix=-11 --program-prefix=x86_64-linux-gnu- --enable-shared --enable-linker-build-id --libexecdir=/usr/lib --without-included-gettext --enable-threads=posix --libdir=/usr/lib --enable-nls --enable-bootstrap --enable-clocale=gnu --enable-libstdcxx-debug --enable-libstdcxx-time=yes --with-default-libstdcxx-abi=new --enable-gnu-unique-object --disable-vtable-verify --enable-plugin --enable-default-pie --with-system-zlib --enable-libphobos-checking=release --with-target-system-zlib=auto --enable-objc-gc=auto --enable-multiarch --disable-werror --enable-cet --with-arch-32=i686 --with-abi=m64 --with-multilib-list=m32,m64,mx32 --enable-multilib --with-tune=generic --enable-offload-targets=nvptx-none=/build/gcc-11-aYxV0E/gcc-11-11.3.0/debian/tmp-nvptx/usr,amdgcn-amdhsa=/build/gcc-11-aYxV0E/gcc-11-11.3.0/debian/tmp-gcn/usr --without-cuda-driver --enable-checking=release --build=x86_64-linux-gnu --host=x86_64-linux-gnu --target=x86_64-linux-gnu --with-build-config=bootstrap-lto-lean --enable-link-serialization=2
Thread model: posix
Supported LTO compression algorithms: zlib zstd
gcc version 11.3.0 (Ubuntu 11.3.0-1ubuntu1~22.04.1) 
... rest of stderr output deleted ...
configure:2222: $? = 0
configure:2211: g++ -std=gnu++17 -V >&5
g++: error: unrecognized command-line option '-V'
g++: fatal error: no input files
compilation terminated.
configure:2222: $? = 1
configure:2211: g++ -std=gnu++17 -qversion >&5
g++: error: unrecognized command-line option '-qversion'; did you mean '--version'?
g++: fatal error: no input files
compilation terminated.
configure:2222: $? = 1
configure:2242: checking whether the C++ compiler works
configure:2264: g++ -std=gnu++17 -g -O2 -ffile-prefix-map=/build/r-base-JhpCKt/r-base-4.3.0=. -fstack-protector-strong -Wformat -Werror=format-security -Wdate-time -D_FORTIFY_SOURCE=2 -UNDEBUG -Wall -pedantic -g -O0 -fdiagnostics-color=always  -Wl,-Bsymbolic-functions -flto=auto -ffat-lto-objects -flto=auto -Wl,-z,relro conftest.cpp  >&5
configure:2268: $? = 0
configure:2316: result: yes
configure:2319: checking for C++ compiler default output file name
configure:2321: result: a.out
configure:2327: checking for suffix of executables
configure:2334: g++ -std=gnu++17 -o conftest -g -O2 -ffile-prefix-map=/build/r-base-JhpCKt/r-base-4.3.0=. -fstack-protector-strong -Wformat -Werror=format-security -Wdate-time -D_FORTIFY_SOURCE=2 -UNDEBUG -Wall -pedantic -g -O0 -fdiagnostics-color=always  -Wl,-Bsymbolic-functions -flto=auto -ffat-lto-objects -flto=auto -Wl,-z,relro conftest.cpp  >&5
configure:2338: $? = 0
configure:2360: result: 
configure:2382: checking whether we are cross compiling
configure:2390: g++ -std=gnu++17 -o conftest -g -O2 -ffile-prefix-map=/build/r-base-JhpCKt/r-base-4.3.0=. -fstack-protector-strong -Wformat -Werror=format-security -Wdate-time -D_FORTIFY_SOURCE=2 -UNDEBUG -Wall -pedantic -g -O0 -fdiagnostics-color=always  -Wl,-Bsymbolic-functions -flto=auto -ffat-lto-objects -flto=auto -Wl,-z,relro conftest.cpp  >&5
configure:2394: $? = 0
configure:2401: ./conftest
configure:2405: $? = 0
configure:2420: result: no
configure:2425: checking for suffix of object files
configure:2447: g++ -std=gnu++17 -c -g -O2 -ffile-prefix-map=/build/r-base-JhpCKt/r-base-4.3.0=. -fstack-protector-strong -Wformat -Werror=format-security -Wdate-time -D_FORTIFY_SOURCE=2 -UNDEBUG -Wall -pedantic -g -O0 -fdiagnostics-color=always  conftest.cpp >&5
configure:2451: $? = 0
configure:2472: result: o
configure:2476: checking whether we are using the GNU C++ compiler
configure:2495: g++ -std=gnu++17 -c -g -O2 -ffile-prefix-map=/build/r-base-JhpCKt/r-base-4.3.0=. -fstack-protector-strong -Wformat -Werror=format-security -Wdate-time -D_FORTIFY_SOURCE=2 -UNDEBUG -Wall -pedantic -g -O0 -fdiagnostics-color=always  conftest.cpp >&5
configure:2495: $? = 0
configure:2504: result: yes
configure:2513: checking whether g++ -std=gnu++17 accepts -g
configure:2533: g++ -std=gnu++17 -c -g  conftest.cpp >&5
configure:2533: $? = 0
configure:2574: result: yes
configure:2603: checking how to run the C++ preprocessor
configure:2630: g++ -std=gnu++17 -E  conftest.cpp
configure:2630: $? = 0
configure:2644: g++ -std=gnu++17 -E  conftest.cpp
conftest.cpp:9:10: fatal error: ac_nonexistent.h: No such file or directory
    9 | #include <ac_nonexistent.h>
      |          ^~~~~~~~~~~~~~~~~~
compilation terminated.
configure:2644: $? = 1
configure: failed program was:
| /* confdefs.h */
| #define PACKAGE_NAME "transitr"
| #define PACKAGE_TARNAME "transitr"
| #define PACKAGE_VERSION "0.3.0.9000"
| #define PACKAGE_STRING "transitr 0.3.0.9000"
| #define PACKAGE_BUGREPORT ""
| #define PACKAGE_URL ""
| /* end confdefs.h.  */
| #include <ac_nonexistent.h>
configure:2669: result: g++ -std=gnu++17 -E
configure:2689: g++ -std=gnu++17 -E  conftest.cpp
configure:2689: $? = 0
configure:2703: g++ -std=gnu++17 -E  conftest.cpp
conftest.cpp:9:10: fatal error: ac_nonexistent.h: No such file or directory
    9 | #include <ac_nonexistent.h>
      |          ^~~~~~~~~~~~~~~~~~
compilation terminated.
configure:2703: $? = 1
configure: failed program was:
| /* confdefs.h */
| #define PACKAGE_NAME "transitr"
| #define PACKAGE_TARNAME "transitr"
| #define PACKAGE_VERSION "0.3.0.9000"
| #define PACKAGE_STRING "transitr 0.3.0.9000"
| #define PACKAGE_BUGREPORT ""
| #define PACKAGE_URL ""
| /* end confdefs.h.  */
| #include <ac_nonexistent.h>
configure:2781: checking for gcc
configure:2808: result: gcc
configure:3037: checking for C compiler version
configure:3046: gcc --version >&5
gcc (Ubuntu 11.3.0-1ubuntu1~22.04.1) 11.3.0
Copyright (C) 2021 Free Software Foundation, Inc.
This is free software; see the source for copying conditions.  There is NO
warranty; not even for MERCHANTABILITY or FITNESS FOR A PARTICULAR PURPOSE.

configure:3057: $? = 0
configure:3046: gcc -v >&5
Using built-in specs.
COLLECT_GCC=gcc
COLLECT_LTO_WRAPPER=/usr/lib/gcc/x86_64-linux-gnu/11/lto-wrapper
OFFLOAD_TARGET_NAMES=nvptx-none:amdgcn-amdhsa
OFFLOAD_TARGET_DEFAULT=1
Target: x86_64-linux-gnu
Configured with: ../src/configure -v --with-pkgversion='Ubuntu 11.3.0-1ubuntu1~22.04.1' --with-bugurl=file:///usr/share/doc/gcc-11/README.Bugs --enable-languages=c,ada,c++,go,brig,d,fortran,objc,obj-c++,m2 --prefix=/usr --with-gcc-major-version-only --program-suffix=-11 --program-prefix=x86_64-linux-gnu- --enable-shared --enable-linker-build-id --libexecdir=/usr/lib --without-included-gettext --enable-threads=posix --libdir=/usr/lib --enable-nls --enable-bootstrap --enable-clocale=gnu --enable-libstdcxx-debug --enable-libstdcxx-time=yes --with-default-libstdcxx-abi=new --enable-gnu-unique-object --disable-vtable-verify --enable-plugin --enable-default-pie --with-system-zlib --enable-libphobos-checking=release --with-target-system-zlib=auto --enable-objc-gc=auto --enable-multiarch --disable-werror --enable-cet --with-arch-32=i686 --with-abi=m64 --with-multilib-list=m32,m64,mx32 --enable-multilib --with-tune=generic --enable-offload-targets=nvptx-none=/build/gcc-11-aYxV0E/gcc-11-11.3.0/debian/tmp-nvptx/usr,amdgcn-amdhsa=/build/gcc-11-aYxV0E/gcc-11-11.3.0/debian/tmp-gcn/usr --without-cuda-driver --enable-checking=release --build=x86_64-linux-gnu --host=x86_64-linux-gnu --target=x86_64-linux-gnu --with-build-config=bootstrap-lto-lean --enable-link-serialization=2
Thread model: posix
Supported LTO compression algorithms: zlib zstd
gcc version 11.3.0 (Ubuntu 11.3.0-1ubuntu1~22.04.1) 
... rest of stderr output deleted ...
configure:3057: $? = 0
configure:3046: gcc -V >&5
gcc: error: unrecognized command-line option '-V'
gcc: fatal error: no input files
compilation terminated.
configure:3057: $? = 1
configure:3046: gcc -qversion >&5
gcc: error: unrecognized command-line option '-qversion'; did you mean '--version'?
gcc: fatal error: no input files
compilation terminated.
configure:3057: $? = 1
configure:3061: checking whether we are using the GNU C compiler
configure:3080: gcc -c -g -O2 -ffile-prefix-map=/build/r-base-JhpCKt/r-base-4.3.0=. -fstack-protector-strong -Wformat -Werror=format-security -Wdate-time -D_FORTIFY_SOURCE=2 -UNDEBUG -Wall -pedantic -g -O0 -fdiagnostics-color=always  conftest.c >&5
configure:3080: $? = 0
configure:3089: result: yes
configure:3098: checking whether gcc accepts -g
configure:3118: gcc -c -g  conftest.c >&5
configure:3118: $? = 0
configure:3159: result: yes
configure:3176: checking for gcc option to accept ISO C89
configure:3239: gcc  -c -g -O2 -ffile-prefix-map=/build/r-base-JhpCKt/r-base-4.3.0=. -fstack-protector-strong -Wformat -Werror=format-security -Wdate-time -D_FORTIFY_SOURCE=2 -UNDEBUG -Wall -pedantic -g -O0 -fdiagnostics-color=always  conftest.c >&5
configure:3239: $? = 0
configure:3252: result: none needed
configure:3384: checking for C++ compiler version
configure:3393: g++ -std=gnu++17 --version >&5
g++ (Ubuntu 11.3.0-1ubuntu1~22.04.1) 11.3.0
Copyright (C) 2021 Free Software Foundation, Inc.
This is free software; see the source for copying conditions.  There is NO
warranty; not even for MERCHANTABILITY or FITNESS FOR A PARTICULAR PURPOSE.

configure:3404: $? = 0
configure:3393: g++ -std=gnu++17 -v >&5
Using built-in specs.
COLLECT_GCC=g++
COLLECT_LTO_WRAPPER=/usr/lib/gcc/x86_64-linux-gnu/11/lto-wrapper
OFFLOAD_TARGET_NAMES=nvptx-none:amdgcn-amdhsa
OFFLOAD_TARGET_DEFAULT=1
Target: x86_64-linux-gnu
Configured with: ../src/configure -v --with-pkgversion='Ubuntu 11.3.0-1ubuntu1~22.04.1' --with-bugurl=file:///usr/share/doc/gcc-11/README.Bugs --enable-languages=c,ada,c++,go,brig,d,fortran,objc,obj-c++,m2 --prefix=/usr --with-gcc-major-version-only --program-suffix=-11 --program-prefix=x86_64-linux-gnu- --enable-shared --enable-linker-build-id --libexecdir=/usr/lib --without-included-gettext --enable-threads=posix --libdir=/usr/lib --enable-nls --enable-bootstrap --enable-clocale=gnu --enable-libstdcxx-debug --enable-libstdcxx-time=yes --with-default-libstdcxx-abi=new --enable-gnu-unique-object --disable-vtable-verify --enable-plugin --enable-default-pie --with-system-zlib --enable-libphobos-checking=release --with-target-system-zlib=auto --enable-objc-gc=auto --enable-multiarch --disable-werror --enable-cet --with-arch-32=i686 --with-abi=m64 --with-multilib-list=m32,m64,mx32 --enable-multilib --with-tune=generic --enable-offload-targets=nvptx-none=/build/gcc-11-aYxV0E/gcc-11-11.3.0/debian/tmp-nvptx/usr,amdgcn-amdhsa=/build/gcc-11-aYxV0E/gcc-11-11.3.0/debian/tmp-gcn/usr --without-cuda-driver --enable-checking=release --build=x86_64-linux-gnu --host=x86_64-linux-gnu --target=x86_64-linux-gnu --with-build-config=bootstrap-lto-lean --enable-link-serialization=2
Thread model: posix
Supported LTO compression algorithms: zlib zstd
gcc version 11.3.0 (Ubuntu 11.3.0-1ubuntu1~22.04.1) 
... rest of stderr output deleted ...
configure:3404: $? = 0
configure:3393: g++ -std=gnu++17 -V >&5
g++: error: unrecognized command-line option '-V'
g++: fatal error: no input files
compilation terminated.
configure:3404: $? = 1
configure:3393: g++ -std=gnu++17 -qversion >&5
g++: error: unrecognized command-line option '-qversion'; did you mean '--version'?
g++: fatal error: no input files
compilation terminated.
configure:3404: $? = 1
configure:3408: checking whether we are using the GNU C++ compiler
configure:3436: result: yes
configure:3445: checking whether g++ -std=gnu++17 accepts -g
configure:3506: result: yes
configure:3538: checking for g++ -std=gnu++17 option to support OpenMP
configure:3553: g++ -std=gnu++17 -o conftest -g -O2 -ffile-prefix-map=/build/r-base-JhpCKt/r-base-4.3.0=. -fstack-protector-strong -Wformat -Werror=format-security -Wdate-time -D_FORTIFY_SOURCE=2 -UNDEBUG -Wall -pedantic -g -O0 -fdiagnostics-color=always  -Wl,-Bsymbolic-functions -flto=auto -ffat-lto-objects -flto=auto -Wl,-z,relro conftest.cpp  >&5
[01m[Kconftest.cpp:11:2:[m[K [01;31m[Kerror: [m[K'[01m[Kchoke[m[K' does not name a type
   11 |  [01;31m[Kchoke[m[K me
      |  [01;31m[K^~~~~[m[K
In file included from [01m[Kconftest.cpp:13[m[K:
[01m[K/usr/lib/gcc/x86_64-linux-gnu/11/include/omp.h:45:3:[m[K [01;31m[Kerror: [m[K'[01m[Komp_lock_t[m[K' does not name a type
   45 | } [01;31m[Komp_lock_t[m[K;
      |   [01;31m[K^~~~~~~~~~[m[K
[01m[K/usr/lib/gcc/x86_64-linux-gnu/11/include/omp.h:213:13:[m[K [01;31m[Kerror: [m[Kvariable or field '[01m[Komp_init_lock[m[K' declared void
  213 | extern void [01;31m[Komp_init_lock[m[K (omp_lock_t *) __GOMP_NOTHROW;
      |             [01;31m[K^~~~~~~~~~~~~[m[K
[01m[K/usr/lib/gcc/x86_64-linux-gnu/11/include/omp.h:213:28:[m[K [01;31m[Kerror: [m[K'[01m[Komp_lock_t[m[K' was not declared in this scope
  213 | extern void omp_init_lock ([01;31m[Komp_lock_t[m[K *) __GOMP_NOTHROW;
      |                            [01;31m[K^~~~~~~~~~[m[K
[01m[K/usr/lib/gcc/x86_64-linux-gnu/11/include/omp.h:213:40:[m[K [01;31m[Kerror: [m[Kexpected primary-expression before '[01m[K)[m[K' token
  213 | extern void omp_init_lock (omp_lock_t *[01;31m[K)[m[K __GOMP_NOTHROW;
      |                                        [01;31m[K^[m[K
[01m[K/usr/lib/gcc/x86_64-linux-gnu/11/include/omp.h:214:13:[m[K [01;31m[Kerror: [m[Kvariable or field '[01m[Komp_init_lock_with_hint[m[K' declared void
  214 | extern void [01;31m[Komp_init_lock_with_hint[m[K (omp_lock_t *, omp_sync_hint_t)
      |             [01;31m[K^~~~~~~~~~~~~~~~~~~~~~~[m[K
[01m[K/usr/lib/gcc/x86_64-linux-gnu/11/include/omp.h:214:38:[m[K [01;31m[Kerror: [m[K'[01m[Komp_lock_t[m[K' was not declared in this scope
  214 | extern void omp_init_lock_with_hint ([01;31m[Komp_lock_t[m[K *, omp_sync_hint_t)
      |                                      [01;31m[K^~~~~~~~~~[m[K
[01m[K/usr/lib/gcc/x86_64-linux-gnu/11/include/omp.h:214:50:[m[K [01;31m[Kerror: [m[Kexpected primary-expression before '[01m[K,[m[K' token
  214 | extern void omp_init_lock_with_hint (omp_lock_t *[01;31m[K,[m[K omp_sync_hint_t)
      |                                                  [01;31m[K^[m[K
[01m[K/usr/lib/gcc/x86_64-linux-gnu/11/include/omp.h:214:67:[m[K [01;31m[Kerror: [m[Kexpected primary-expression before '[01m[K)[m[K' token
  214 | extern void omp_init_lock_with_hint (omp_lock_t *, omp_sync_hint_t[01;31m[K)[m[K
      |                                                                   [01;31m[K^[m[K
[01m[K/usr/lib/gcc/x86_64-linux-gnu/11/include/omp.h:216:13:[m[K [01;31m[Kerror: [m[Kvariable or field '[01m[Komp_destroy_lock[m[K' declared void
  216 | extern void [01;31m[Komp_destroy_lock[m[K (omp_lock_t *) __GOMP_NOTHROW;
      |             [01;31m[K^~~~~~~~~~~~~~~~[m[K
[01m[K/usr/lib/gcc/x86_64-linux-gnu/11/include/omp.h:216:31:[m[K [01;31m[Kerror: [m[K'[01m[Komp_lock_t[m[K' was not declared in this scope
  216 | extern void omp_destroy_lock ([01;31m[Komp_lock_t[m[K *) __GOMP_NOTHROW;
      |                               [01;31m[K^~~~~~~~~~[m[K
[01m[K/usr/lib/gcc/x86_64-linux-gnu/11/include/omp.h:216:43:[m[K [01;31m[Kerror: [m[Kexpected primary-expression before '[01m[K)[m[K' token
  216 | extern void omp_destroy_lock (omp_lock_t *[01;31m[K)[m[K __GOMP_NOTHROW;
      |                                           [01;31m[K^[m[K
[01m[K/usr/lib/gcc/x86_64-linux-gnu/11/include/omp.h:217:13:[m[K [01;31m[Kerror: [m[Kvariable or field '[01m[Komp_set_lock[m[K' declared void
  217 | extern void [01;31m[Komp_set_lock[m[K (omp_lock_t *) __GOMP_NOTHROW;
      |             [01;31m[K^~~~~~~~~~~~[m[K
[01m[K/usr/lib/gcc/x86_64-linux-gnu/11/include/omp.h:217:27:[m[K [01;31m[Kerror: [m[K'[01m[Komp_lock_t[m[K' was not declared in this scope
  217 | extern void omp_set_lock ([01;31m[Komp_lock_t[m[K *) __GOMP_NOTHROW;
      |                           [01;31m[K^~~~~~~~~~[m[K
[01m[K/usr/lib/gcc/x86_64-linux-gnu/11/include/omp.h:217:39:[m[K [01;31m[Kerror: [m[Kexpected primary-expression before '[01m[K)[m[K' token
  217 | extern void omp_set_lock (omp_lock_t *[01;31m[K)[m[K __GOMP_NOTHROW;
      |                                       [01;31m[K^[m[K
[01m[K/usr/lib/gcc/x86_64-linux-gnu/11/include/omp.h:218:13:[m[K [01;31m[Kerror: [m[Kvariable or field '[01m[Komp_unset_lock[m[K' declared void
  218 | extern void [01;31m[Komp_unset_lock[m[K (omp_lock_t *) __GOMP_NOTHROW;
      |             [01;31m[K^~~~~~~~~~~~~~[m[K
[01m[K/usr/lib/gcc/x86_64-linux-gnu/11/include/omp.h:218:29:[m[K [01;31m[Kerror: [m[K'[01m[Komp_lock_t[m[K' was not declared in this scope
  218 | extern void omp_unset_lock ([01;31m[Komp_lock_t[m[K *) __GOMP_NOTHROW;
      |                             [01;31m[K^~~~~~~~~~[m[K
[01m[K/usr/lib/gcc/x86_64-linux-gnu/11/include/omp.h:218:41:[m[K [01;31m[Kerror: [m[Kexpected primary-expression before '[01m[K)[m[K' token
  218 | extern void omp_unset_lock (omp_lock_t *[01;31m[K)[m[K __GOMP_NOTHROW;
      |                                         [01;31m[K^[m[K
[01m[K/usr/lib/gcc/x86_64-linux-gnu/11/include/omp.h:219:27:[m[K [01;31m[Kerror: [m[K'[01m[Komp_lock_t[m[K' was not declared in this scope
  219 | extern int omp_test_lock ([01;31m[Komp_lock_t[m[K *) __GOMP_NOTHROW;
      |                           [01;31m[K^~~~~~~~~~[m[K
[01m[K/usr/lib/gcc/x86_64-linux-gnu/11/include/omp.h:219:39:[m[K [01;31m[Kerror: [m[Kexpected primary-expression before '[01m[K)[m[K' token
  219 | extern int omp_test_lock (omp_lock_t *[01;31m[K)[m[K __GOMP_NOTHROW;
      |                                       [01;31m[K^[m[K
configure:3553: $? = 1
configure: failed program was:
| /* confdefs.h */
| #define PACKAGE_NAME "transitr"
| #define PACKAGE_TARNAME "transitr"
| #define PACKAGE_VERSION "0.3.0.9000"
| #define PACKAGE_STRING "transitr 0.3.0.9000"
| #define PACKAGE_BUGREPORT ""
| #define PACKAGE_URL ""
| /* end confdefs.h.  */
| 
| #ifndef _OPENMP
|  choke me
| #endif
| #include <omp.h>
| int main () { return omp_get_num_threads (); }
| 
configure:3571: g++ -std=gnu++17 -o conftest -g -O2 -ffile-prefix-map=/build/r-base-JhpCKt/r-base-4.3.0=. -fstack-protector-strong -Wformat -Werror=format-security -Wdate-time -D_FORTIFY_SOURCE=2 -UNDEBUG -Wall -pedantic -g -O0 -fdiagnostics-color=always -fopenmp  -Wl,-Bsymbolic-functions -flto=auto -ffat-lto-objects -flto=auto -Wl,-z,relro conftest.cpp  >&5
configure:3571: $? = 0
configure:3585: result: -fopenmp
configure:3600: checking for pkg-config
configure:3616: found /usr/bin/pkg-config
configure:3627: result: yes
configure:3637: checking for grep that handles long lines and -e
configure:3695: result: /usr/bin/grep
configure:3700: checking for egrep
configure:3762: result: /usr/bin/grep -E
configure:3767: checking for ANSI C header files
configure:3787: g++ -std=gnu++17 -c -g -O2 -ffile-prefix-map=/build/r-base-JhpCKt/r-base-4.3.0=. -fstack-protector-strong -Wformat -Werror=format-security -Wdate-time -D_FORTIFY_SOURCE=2 -UNDEBUG -Wall -pedantic -g -O0 -fdiagnostics-color=always  conftest.cpp >&5
configure:3787: $? = 0
configure:3860: g++ -std=gnu++17 -o conftest -g -O2 -ffile-prefix-map=/build/r-base-JhpCKt/r-base-4.3.0=. -fstack-protector-strong -Wformat -Werror=format-security -Wdate-time -D_FORTIFY_SOURCE=2 -UNDEBUG -Wall -pedantic -g -O0 -fdiagnostics-color=always  -Wl,-Bsymbolic-functions -flto=auto -ffat-lto-objects -flto=auto -Wl,-z,relro conftest.cpp  >&5
configure:3860: $? = 0
configure:3860: ./conftest
configure:3860: $? = 0
configure:3871: result: yes
configure:3884: checking for sys/types.h
configure:3884: g++ -std=gnu++17 -c -g -O2 -ffile-prefix-map=/build/r-base-JhpCKt/r-base-4.3.0=. -fstack-protector-strong -Wformat -Werror=format-security -Wdate-time -D_FORTIFY_SOURCE=2 -UNDEBUG -Wall -pedantic -g -O0 -fdiagnostics-color=always  conftest.cpp >&5
configure:3884: $? = 0
configure:3884: result: yes
configure:3884: checking for sys/stat.h
configure:3884: g++ -std=gnu++17 -c -g -O2 -ffile-prefix-map=/build/r-base-JhpCKt/r-base-4.3.0=. -fstack-protector-strong -Wformat -Werror=format-security -Wdate-time -D_FORTIFY_SOURCE=2 -UNDEBUG -Wall -pedantic -g -O0 -fdiagnostics-color=always  conftest.cpp >&5
configure:3884: $? = 0
configure:3884: result: yes
configure:3884: checking for stdlib.h
configure:3884: g++ -std=gnu++17 -c -g -O2 -ffile-prefix-map=/build/r-base-JhpCKt/r-base-4.3.0=. -fstack-protector-strong -Wformat -Werror=format-security -Wdate-time -D_FORTIFY_SOURCE=2 -UNDEBUG -Wall -pedantic -g -O0 -fdiagnostics-color=always  conftest.cpp >&5
configure:3884: $? = 0
configure:3884: result: yes
configure:3884: checking for string.h
configure:3884: g++ -std=gnu++17 -c -g -O2 -ffile-prefix-map=/build/r-base-JhpCKt/r-base-4.3.0=. -fstack-protector-strong -Wformat -Werror=format-security -Wdate-time -D_FORTIFY_SOURCE=2 -UNDEBUG -Wall -pedantic -g -O0 -fdiagnostics-color=always  conftest.cpp >&5
configure:3884: $? = 0
configure:3884: result: yes
configure:3884: checking for memory.h
configure:3884: g++ -std=gnu++17 -c -g -O2 -ffile-prefix-map=/build/r-base-JhpCKt/r-base-4.3.0=. -fstack-protector-strong -Wformat -Werror=format-security -Wdate-time -D_FORTIFY_SOURCE=2 -UNDEBUG -Wall -pedantic -g -O0 -fdiagnostics-color=always  conftest.cpp >&5
configure:3884: $? = 0
configure:3884: result: yes
configure:3884: checking for strings.h
configure:3884: g++ -std=gnu++17 -c -g -O2 -ffile-prefix-map=/build/r-base-JhpCKt/r-base-4.3.0=. -fstack-protector-strong -Wformat -Werror=format-security -Wdate-time -D_FORTIFY_SOURCE=2 -UNDEBUG -Wall -pedantic -g -O0 -fdiagnostics-color=always  conftest.cpp >&5
configure:3884: $? = 0
configure:3884: result: yes
configure:3884: checking for inttypes.h
configure:3884: g++ -std=gnu++17 -c -g -O2 -ffile-prefix-map=/build/r-base-JhpCKt/r-base-4.3.0=. -fstack-protector-strong -Wformat -Werror=format-security -Wdate-time -D_FORTIFY_SOURCE=2 -UNDEBUG -Wall -pedantic -g -O0 -fdiagnostics-color=always  conftest.cpp >&5
configure:3884: $? = 0
configure:3884: result: yes
configure:3884: checking for stdint.h
configure:3884: g++ -std=gnu++17 -c -g -O2 -ffile-prefix-map=/build/r-base-JhpCKt/r-base-4.3.0=. -fstack-protector-strong -Wformat -Werror=format-security -Wdate-time -D_FORTIFY_SOURCE=2 -UNDEBUG -Wall -pedantic -g -O0 -fdiagnostics-color=always  conftest.cpp >&5
configure:3884: $? = 0
configure:3884: result: yes
configure:3884: checking for unistd.h
configure:3884: g++ -std=gnu++17 -c -g -O2 -ffile-prefix-map=/build/r-base-JhpCKt/r-base-4.3.0=. -fstack-protector-strong -Wformat -Werror=format-security -Wdate-time -D_FORTIFY_SOURCE=2 -UNDEBUG -Wall -pedantic -g -O0 -fdiagnostics-color=always  conftest.cpp >&5
configure:3884: $? = 0
configure:3884: result: yes
configure:3896: checking eigen3/Eigen/Dense usability
configure:3896: g++ -std=gnu++17 -c -g -O2 -ffile-prefix-map=/build/r-base-JhpCKt/r-base-4.3.0=. -fstack-protector-strong -Wformat -Werror=format-security -Wdate-time -D_FORTIFY_SOURCE=2 -UNDEBUG -Wall -pedantic -g -O0 -fdiagnostics-color=always  conftest.cpp >&5
[01m[Kconftest.cpp:52:10:[m[K [01;31m[Kfatal error: [m[Keigen3/Eigen/Dense: No such file or directory
   52 | #include [01;31m[K<eigen3/Eigen/Dense>[m[K
      |          [01;31m[K^~~~~~~~~~~~~~~~~~~~[m[K
compilation terminated.
configure:3896: $? = 1
configure: failed program was:
| /* confdefs.h */
| #define PACKAGE_NAME "transitr"
| #define PACKAGE_TARNAME "transitr"
| #define PACKAGE_VERSION "0.3.0.9000"
| #define PACKAGE_STRING "transitr 0.3.0.9000"
| #define PACKAGE_BUGREPORT ""
| #define PACKAGE_URL ""
| #define STDC_HEADERS 1
| #define HAVE_SYS_TYPES_H 1
| #define HAVE_SYS_STAT_H 1
| #define HAVE_STDLIB_H 1
| #define HAVE_STRING_H 1
| #define HAVE_MEMORY_H 1
| #define HAVE_STRINGS_H 1
| #define HAVE_INTTYPES_H 1
| #define HAVE_STDINT_H 1
| #define HAVE_UNISTD_H 1
| /* end confdefs.h.  */
| #include <stdio.h>
| #ifdef HAVE_SYS_TYPES_H
| # include <sys/types.h>
| #endif
| #ifdef HAVE_SYS_STAT_H
| # include <sys/stat.h>
| #endif
| #ifdef STDC_HEADERS
| # include <stdlib.h>
| # include <stddef.h>
| #else
| # ifdef HAVE_STDLIB_H
| #  include <stdlib.h>
| # endif
| #endif
| #ifdef HAVE_STRING_H
| # if !defined STDC_HEADERS && defined HAVE_MEMORY_H
| #  include <memory.h>
| # endif
| # include <string.h>
| #endif
| #ifdef HAVE_STRINGS_H
| # include <strings.h>
| #endif
| #ifdef HAVE_INTTYPES_H
| # include <inttypes.h>
| #endif
| #ifdef HAVE_STDINT_H
| # include <stdint.h>
| #endif
| #ifdef HAVE_UNISTD_H
| # include <unistd.h>
| #endif
| #include <eigen3/Eigen/Dense>
configure:3896: result: no
configure:3896: checking eigen3/Eigen/Dense presence
configure:3896: g++ -std=gnu++17 -E  conftest.cpp
conftest.cpp:19:10: fatal error: eigen3/Eigen/Dense: No such file or directory
   19 | #include <eigen3/Eigen/Dense>
      |          ^~~~~~~~~~~~~~~~~~~~
compilation terminated.
configure:3896: $? = 1
configure: failed program was:
| /* confdefs.h */
| #define PACKAGE_NAME "transitr"
| #define PACKAGE_TARNAME "transitr"
| #define PACKAGE_VERSION "0.3.0.9000"
| #define PACKAGE_STRING "transitr 0.3.0.9000"
| #define PACKAGE_BUGREPORT ""
| #define PACKAGE_URL ""
| #define STDC_HEADERS 1
| #define HAVE_SYS_TYPES_H 1
| #define HAVE_SYS_STAT_H 1
| #define HAVE_STDLIB_H 1
| #define HAVE_STRING_H 1
| #define HAVE_MEMORY_H 1
| #define HAVE_STRINGS_H 1
| #define HAVE_INTTYPES_H 1
| #define HAVE_STDINT_H 1
| #define HAVE_UNISTD_H 1
| /* end confdefs.h.  */
| #include <eigen3/Eigen/Dense>
configure:3896: result: no
configure:3896: checking for eigen3/Eigen/Dense
configure:3896: result: no
configure:3900: error: No eigen3 library

## ---------------- ##
## Cache variables. ##
## ---------------- ##

ac_cv_c_compiler_gnu=yes
ac_cv_cxx_compiler_gnu=yes
ac_cv_env_CCC_set=
ac_cv_env_CCC_value=
ac_cv_env_CC_set=set
ac_cv_env_CC_value=gcc
ac_cv_env_CFLAGS_set=set
ac_cv_env_CFLAGS_value='-g -O2 -ffile-prefix-map=/build/r-base-JhpCKt/r-base-4.3.0=. -fstack-protector-strong -Wformat -Werror=format-security -Wdate-time -D_FORTIFY_SOURCE=2 -UNDEBUG -Wall -pedantic -g -O0 -fdiagnostics-color=always'
ac_cv_env_CPPFLAGS_set=
ac_cv_env_CPPFLAGS_value=
ac_cv_env_CXXCPP_set=
ac_cv_env_CXXCPP_value=
ac_cv_env_CXXFLAGS_set=set
ac_cv_env_CXXFLAGS_value='-g -O2 -ffile-prefix-map=/build/r-base-JhpCKt/r-base-4.3.0=. -fstack-protector-strong -Wformat -Werror=format-security -Wdate-time -D_FORTIFY_SOURCE=2 -UNDEBUG -Wall -pedantic -g -O0 -fdiagnostics-color=always'
ac_cv_env_CXX_set=set
ac_cv_env_CXX_value='g++ -std=gnu++17'
ac_cv_env_LDFLAGS_set=set
ac_cv_env_LDFLAGS_value='-Wl,-Bsymbolic-functions -flto=auto -ffat-lto-objects -flto=auto -Wl,-z,relro'
ac_cv_env_LIBS_set=
ac_cv_env_LIBS_value=
ac_cv_env_build_alias_set=
ac_cv_env_build_alias_value=
ac_cv_env_host_alias_set=
ac_cv_env_host_alias_value=
ac_cv_env_target_alias_set=
ac_cv_env_target_alias_value=
ac_cv_header_eigen3_Eigen_Dense=no
ac_cv_header_inttypes_h=yes
ac_cv_header_memory_h=yes
ac_cv_header_stdc=yes
ac_cv_header_stdint_h=yes
ac_cv_header_stdlib_h=yes
ac_cv_header_string_h=yes
ac_cv_header_strings_h=yes
ac_cv_header_sys_stat_h=yes
ac_cv_header_sys_types_h=yes
ac_cv_header_unistd_h=yes
ac_cv_objext=o
ac_cv_path_EGREP='/usr/bin/grep -E'
ac_cv_path_GREP=/usr/bin/grep
ac_cv_prog_CXXCPP='g++ -std=gnu++17 -E'
ac_cv_prog_PKGCONFIG=yes
ac_cv_prog_ac_ct_CC=gcc
ac_cv_prog_cc_c89=
ac_cv_prog_cc_g=yes
ac_cv_prog_cxx_g=yes
ac_cv_prog_cxx_openmp=-fopenmp

## ----------------- ##
## Output variables. ##
## ----------------- ##

CC='gcc'
CFLAGS='-g -O2 -ffile-prefix-map=/build/r-base-JhpCKt/r-base-4.3.0=. -fstack-protector-strong -Wformat -Werror=format-security -Wdate-time -D_FORTIFY_SOURCE=2 -UNDEBUG -Wall -pedantic -g -O0 -fdiagnostics-color=always'
CPPFLAGS=''
CXX='g++ -std=gnu++17'
CXXCPP='g++ -std=gnu++17 -E'
CXXFLAGS='-g -O2 -ffile-prefix-map=/build/r-base-JhpCKt/r-base-4.3.0=. -fstack-protector-strong -Wformat -Werror=format-security -Wdate-time -D_FORTIFY_SOURCE=2 -UNDEBUG -Wall -pedantic -g -O0 -fdiagnostics-color=always'
DEFS=''
ECHO_C=''
ECHO_N='-n'
ECHO_T=''
EGREP='/usr/bin/grep -E'
EXEEXT=''
GREP='/usr/bin/grep'
LDFLAGS='-Wl,-Bsymbolic-functions -flto=auto -ffat-lto-objects -flto=auto -Wl,-z,relro'
LIBOBJS=''
LIBS=''
LTLIBOBJS=''
OBJEXT='o'
OPENMP_CXXFLAGS='-fopenmp'
PACKAGE_BUGREPORT=''
PACKAGE_NAME='transitr'
PACKAGE_STRING='transitr 0.3.0.9000'
PACKAGE_TARNAME='transitr'
PACKAGE_URL=''
PACKAGE_VERSION='0.3.0.9000'
PATH_SEPARATOR=':'
PKGCONFIG='yes'
PKG_CPPFLAGS=''
PKG_LIBS=''
PROTOC=''
R=''
SHELL='/bin/bash'
ac_ct_CC='gcc'
ac_ct_CXX=''
bindir='${exec_prefix}/bin'
build_alias=''
datadir='${datarootdir}'
datarootdir='${prefix}/share'
docdir='${datarootdir}/doc/${PACKAGE_TARNAME}'
dvidir='${docdir}'
exec_prefix='NONE'
host_alias=''
htmldir='${docdir}'
includedir='${prefix}/include'
infodir='${datarootdir}/info'
libdir='${exec_prefix}/lib'
libexecdir='${exec_prefix}/libexec'
localedir='${datarootdir}/locale'
localstatedir='${prefix}/var'
mandir='${datarootdir}/man'
oldincludedir='/usr/include'
pdfdir='${docdir}'
prefix='NONE'
program_transform_name='s,x,x,'
psdir='${docdir}'
runstatedir='${localstatedir}/run'
sbindir='${exec_prefix}/sbin'
sharedstatedir='${prefix}/com'
sysconfdir='${prefix}/etc'
target_alias=''

## ----------- ##
## confdefs.h. ##
## ----------- ##

/* confdefs.h */
#define PACKAGE_NAME "transitr"
#define PACKAGE_TARNAME "transitr"
#define PACKAGE_VERSION "0.3.0.9000"
#define PACKAGE_STRING "transitr 0.3.0.9000"
#define PACKAGE_BUGREPORT ""
#define PACKAGE_URL ""
#define STDC_HEADERS 1
#define HAVE_SYS_TYPES_H 1
#define HAVE_SYS_STAT_H 1
#define HAVE_STDLIB_H 1
#define HAVE_STRING_H 1
#define HAVE_MEMORY_H 1
#define HAVE_STRINGS_H 1
#define HAVE_INTTYPES_H 1
#define HAVE_STDINT_H 1
#define HAVE_UNISTD_H 1

configure: exit 1
